build/outputs/logs/manifest-merger-debug-report.txt
-- Merging decision tree log ---
manifest
ADDED from GitHub_MX/Launcher3-mx/AndroidManifest.xml:20:1-224:12
	package
		ADDED from GitHub_MX/Launcher3-mx/AndroidManifest.xml:22:5-36
		INJECTED from GitHub_MX/Launcher3-mx/AndroidManifest.xml
		INJECTED from GitHub_MX/Launcher3-mx/AndroidManifest.xml
	android:versionName
		INJECTED from GitHub_MX/Launcher3-mx/AndroidManifest.xml
		INJECTED from GitHub_MX/Launcher3-mx/AndroidManifest.xml
	xmlns:android
		ADDED from GitHub_MX/Launcher3-mx/AndroidManifest.xml:21:5-63
	android:versionCode
		INJECTED from GitHub_MX/Launcher3-mx/AndroidManifest.xml
		INJECTED from GitHub_MX/Launcher3-mx/AndroidManifest.xml
uses-sdk
ADDED from GitHub_MX/Launcher3-mx/AndroidManifest.xml:23:5-73
MERGED from [com.android.support:support-v4:24.0.0] AndroidManifest.xml:21:5-23:54
MERGED from [com.android.support:recyclerview-v7:24.0.0] AndroidManifest.xml:20:5-43
MERGED from [com.android.support:support-v4:24.0.0] AndroidManifest.xml:21:5-23:54
MERGED from [Launcher3-mx:mxlibrary:unspecified] AndroidManifest.xml:7:5-9:41
	tools:overrideLibrary
		ADDED from [com.android.support:support-v4:24.0.0] AndroidManifest.xml:23:9-51
	android:targetSdkVersion
		ADDED from GitHub_MX/Launcher3-mx/AndroidManifest.xml:23:15-44
		INJECTED from GitHub_MX/Launcher3-mx/AndroidManifest.xml
		INJECTED from GitHub_MX/Launcher3-mx/AndroidManifest.xml
	android:minSdkVersion
		ADDED from GitHub_MX/Launcher3-mx/AndroidManifest.xml:23:45-71
		INJECTED from GitHub_MX/Launcher3-mx/AndroidManifest.xml
		INJECTED from GitHub_MX/Launcher3-mx/AndroidManifest.xml
permission#com.codemx.launcher.permission.INSTALL_SHORTCUT
ADDED from GitHub_MX/Launcher3-mx/AndroidManifest.xml:25:5-30:67
	android:label
		ADDED from GitHub_MX/Launcher3-mx/AndroidManifest.xml:29:9-57
	android:protectionLevel
		ADDED from GitHub_MX/Launcher3-mx/AndroidManifest.xml:28:9-44
	android:permissionGroup
		ADDED from GitHub_MX/Launcher3-mx/AndroidManifest.xml:27:9-72
	android:description
		ADDED from GitHub_MX/Launcher3-mx/AndroidManifest.xml:30:9-64
	android:name
		ADDED from GitHub_MX/Launcher3-mx/AndroidManifest.xml:26:9-71
permission#com.codemx.launcher3.permission.READ_SETTINGS
ADDED from GitHub_MX/Launcher3-mx/AndroidManifest.xml:31:5-36:63
	android:label
		ADDED from GitHub_MX/Launcher3-mx/AndroidManifest.xml:35:9-54
	android:protectionLevel
		ADDED from GitHub_MX/Launcher3-mx/AndroidManifest.xml:34:9-41
	android:permissionGroup
		ADDED from GitHub_MX/Launcher3-mx/AndroidManifest.xml:33:9-72
	android:description
		ADDED from GitHub_MX/Launcher3-mx/AndroidManifest.xml:36:9-61
	android:name
		ADDED from GitHub_MX/Launcher3-mx/AndroidManifest.xml:32:9-69
permission#com.codemx.launcher3.permission.WRITE_SETTINGS
ADDED from GitHub_MX/Launcher3-mx/AndroidManifest.xml:37:5-42:64
	android:label
		ADDED from GitHub_MX/Launcher3-mx/AndroidManifest.xml:41:9-55
	android:protectionLevel
		ADDED from GitHub_MX/Launcher3-mx/AndroidManifest.xml:40:9-52
	android:permissionGroup
		ADDED from GitHub_MX/Launcher3-mx/AndroidManifest.xml:39:9-72
	android:description
		ADDED from GitHub_MX/Launcher3-mx/AndroidManifest.xml:42:9-62
	android:name
		ADDED from GitHub_MX/Launcher3-mx/AndroidManifest.xml:38:9-70
permission#com.codemx.launcher3.permission.RECEIVE_LAUNCH_BROADCASTS
ADDED from GitHub_MX/Launcher3-mx/AndroidManifest.xml:43:5-46:11
	android:protectionLevel
		ADDED from GitHub_MX/Launcher3-mx/AndroidManifest.xml:45:9-44
	android:name
		ADDED from GitHub_MX/Launcher3-mx/AndroidManifest.xml:44:9-81
permission#com.codemx.launcher3.permission.RECEIVE_FIRST_LOAD_BROADCAST
ADDED from GitHub_MX/Launcher3-mx/AndroidManifest.xml:47:5-49:55
	android:protectionLevel
		ADDED from GitHub_MX/Launcher3-mx/AndroidManifest.xml:49:9-52
	android:name
		ADDED from GitHub_MX/Launcher3-mx/AndroidManifest.xml:48:9-84
uses-permission#android.permission.CALL_PHONE
ADDED from GitHub_MX/Launcher3-mx/AndroidManifest.xml:51:5-69
	android:name
		ADDED from GitHub_MX/Launcher3-mx/AndroidManifest.xml:51:22-66
uses-permission#android.permission.SET_WALLPAPER
ADDED from GitHub_MX/Launcher3-mx/AndroidManifest.xml:52:5-72
	android:name
		ADDED from GitHub_MX/Launcher3-mx/AndroidManifest.xml:52:22-69
uses-permission#android.permission.SET_WALLPAPER_HINTS
ADDED from GitHub_MX/Launcher3-mx/AndroidManifest.xml:53:5-78
	android:name
		ADDED from GitHub_MX/Launcher3-mx/AndroidManifest.xml:53:22-75
uses-permission#android.permission.VIBRATE
ADDED from GitHub_MX/Launcher3-mx/AndroidManifest.xml:54:5-66
	android:name
		ADDED from GitHub_MX/Launcher3-mx/AndroidManifest.xml:54:22-63
uses-permission#android.permission.BIND_APPWIDGET
ADDED from GitHub_MX/Launcher3-mx/AndroidManifest.xml:55:5-73
	android:name
		ADDED from GitHub_MX/Launcher3-mx/AndroidManifest.xml:55:22-70
uses-permission#android.permission.READ_EXTERNAL_STORAGE
ADDED from GitHub_MX/Launcher3-mx/AndroidManifest.xml:56:5-80
	android:name
		ADDED from GitHub_MX/Launcher3-mx/AndroidManifest.xml:56:22-77
uses-permission#android.permission.BROADCAST_STICKY
ADDED from GitHub_MX/Launcher3-mx/AndroidManifest.xml:57:5-74
	android:name
		ADDED from GitHub_MX/Launcher3-mx/AndroidManifest.xml:57:22-72
uses-permission#android.permission.RECEIVE_BOOT_COMPLETED
ADDED from GitHub_MX/Launcher3-mx/AndroidManifest.xml:58:5-81
	android:name
		ADDED from GitHub_MX/Launcher3-mx/AndroidManifest.xml:58:22-78
uses-permission#com.codemx.launcher.permission.READ_SETTINGS
ADDED from GitHub_MX/Launcher3-mx/AndroidManifest.xml:59:5-84
	android:name
		ADDED from GitHub_MX/Launcher3-mx/AndroidManifest.xml:59:22-81
uses-permission#com.codemx.launcher.permission.WRITE_SETTINGS
ADDED from GitHub_MX/Launcher3-mx/AndroidManifest.xml:60:5-85
	android:name
		ADDED from GitHub_MX/Launcher3-mx/AndroidManifest.xml:60:22-82
uses-permission#com.codemx.launcher3.permission.READ_SETTINGS
ADDED from GitHub_MX/Launcher3-mx/AndroidManifest.xml:61:5-85
	android:name
		ADDED from GitHub_MX/Launcher3-mx/AndroidManifest.xml:61:22-82
uses-permission#com.codemx.launcher3.permission.WRITE_SETTINGS
ADDED from GitHub_MX/Launcher3-mx/AndroidManifest.xml:62:5-86
	android:name
		ADDED from GitHub_MX/Launcher3-mx/AndroidManifest.xml:62:22-83
uses-permission#com.codemx.launcher3.permission.RECEIVE_LAUNCH_BROADCASTS
ADDED from GitHub_MX/Launcher3-mx/AndroidManifest.xml:63:5-97
	android:name
		ADDED from GitHub_MX/Launcher3-mx/AndroidManifest.xml:63:22-94
uses-permission#com.codemx.launcher3.permission.RECEIVE_FIRST_LOAD_BROADCAST
ADDED from GitHub_MX/Launcher3-mx/AndroidManifest.xml:64:5-100
	android:name
		ADDED from GitHub_MX/Launcher3-mx/AndroidManifest.xml:64:22-97
application
ADDED from GitHub_MX/Launcher3-mx/AndroidManifest.xml:66:5-223:19
MERGED from [com.android.support:support-v4:24.0.0] AndroidManifest.xml:25:5-20
MERGED from [com.android.support:support-v4:24.0.0] AndroidManifest.xml:25:5-20
MERGED from [Launcher3-mx:mxlibrary:unspecified] AndroidManifest.xml:17:5-20:19
	android:backupAgent
		ADDED from GitHub_MX/Launcher3-mx/AndroidManifest.xml:68:9-77
	android:label
		ADDED from GitHub_MX/Launcher3-mx/AndroidManifest.xml:71:9-41
	android:supportsRtl
		ADDED from GitHub_MX/Launcher3-mx/AndroidManifest.xml:74:9-35
	android:hardwareAccelerated
		ADDED from GitHub_MX/Launcher3-mx/AndroidManifest.xml:69:9-43
	android:allowBackup
		ADDED from GitHub_MX/Launcher3-mx/AndroidManifest.xml:67:9-50
	android:icon
		ADDED from GitHub_MX/Launcher3-mx/AndroidManifest.xml:70:9-48
	android:largeHeap
		ADDED from GitHub_MX/Launcher3-mx/AndroidManifest.xml:72:9-51
	android:restoreAnyVersion
		ADDED from GitHub_MX/Launcher3-mx/AndroidManifest.xml:73:9-41
activity#com.codemx.launcher3.Launcher
ADDED from GitHub_MX/Launcher3-mx/AndroidManifest.xml:76:9-94:20
	android:clearTaskOnLaunch
		ADDED from GitHub_MX/Launcher3-mx/AndroidManifest.xml:79:13-45
	android:enabled
		ADDED from GitHub_MX/Launcher3-mx/AndroidManifest.xml:86:13-35
	android:screenOrientation
		ADDED from GitHub_MX/Launcher3-mx/AndroidManifest.xml:83:13-49
	android:stateNotNeeded
		ADDED from GitHub_MX/Launcher3-mx/AndroidManifest.xml:80:13-42
	android:launchMode
		ADDED from GitHub_MX/Launcher3-mx/AndroidManifest.xml:78:13-44
	android:windowSoftInputMode
		ADDED from GitHub_MX/Launcher3-mx/AndroidManifest.xml:82:13-52
	android:resumeWhilePausing
		ADDED from GitHub_MX/Launcher3-mx/AndroidManifest.xml:84:13-46
	android:theme
		ADDED from GitHub_MX/Launcher3-mx/AndroidManifest.xml:81:13-41
	android:taskAffinity
		ADDED from GitHub_MX/Launcher3-mx/AndroidManifest.xml:85:13-36
	android:name
		ADDED from GitHub_MX/Launcher3-mx/AndroidManifest.xml:77:13-57
intent-filter#android.intent.action.MAIN+android.intent.category.DEFAULT+android.intent.category.HOME+android.intent.category.LAUNCHER+android.intent.category.MONKEY
ADDED from GitHub_MX/Launcher3-mx/AndroidManifest.xml:87:13-93:29
action#android.intent.action.MAIN
ADDED from GitHub_MX/Launcher3-mx/AndroidManifest.xml:88:17-69
	android:name
		ADDED from GitHub_MX/Launcher3-mx/AndroidManifest.xml:88:25-66
category#android.intent.category.HOME
ADDED from GitHub_MX/Launcher3-mx/AndroidManifest.xml:89:17-73
	android:name
		ADDED from GitHub_MX/Launcher3-mx/AndroidManifest.xml:89:27-70
category#android.intent.category.DEFAULT
ADDED from GitHub_MX/Launcher3-mx/AndroidManifest.xml:90:17-76
	android:name
		ADDED from GitHub_MX/Launcher3-mx/AndroidManifest.xml:90:27-73
category#android.intent.category.LAUNCHER
ADDED from GitHub_MX/Launcher3-mx/AndroidManifest.xml:91:17-77
	android:name
		ADDED from GitHub_MX/Launcher3-mx/AndroidManifest.xml:91:27-74
category#android.intent.category.MONKEY
ADDED from GitHub_MX/Launcher3-mx/AndroidManifest.xml:92:17-74
	android:name
		ADDED from GitHub_MX/Launcher3-mx/AndroidManifest.xml:92:27-72
activity#com.codemx.launcher3.WallpaperPickerActivity
ADDED from GitHub_MX/Launcher3-mx/AndroidManifest.xml:129:9-140:20
	android:finishOnCloseSystemDialogs
		ADDED from GitHub_MX/Launcher3-mx/AndroidManifest.xml:134:13-54
	android:process
		ADDED from GitHub_MX/Launcher3-mx/AndroidManifest.xml:135:13-49
	android:label
		ADDED from GitHub_MX/Launcher3-mx/AndroidManifest.xml:132:13-51
	android:icon
		ADDED from GitHub_MX/Launcher3-mx/AndroidManifest.xml:133:13-57
	android:theme
		ADDED from GitHub_MX/Launcher3-mx/AndroidManifest.xml:131:13-57
	android:name
		ADDED from GitHub_MX/Launcher3-mx/AndroidManifest.xml:130:13-72
intent-filter#android.intent.action.SET_WALLPAPER+android.intent.category.DEFAULT
ADDED from GitHub_MX/Launcher3-mx/AndroidManifest.xml:136:13-139:29
action#android.intent.action.SET_WALLPAPER
ADDED from GitHub_MX/Launcher3-mx/AndroidManifest.xml:137:17-78
	android:name
		ADDED from GitHub_MX/Launcher3-mx/AndroidManifest.xml:137:25-75
activity#com.codemx.launcher3.WallpaperCropActivity
ADDED from GitHub_MX/Launcher3-mx/AndroidManifest.xml:142:9-154:20
	android:finishOnCloseSystemDialogs
		ADDED from GitHub_MX/Launcher3-mx/AndroidManifest.xml:147:13-54
	android:process
		ADDED from GitHub_MX/Launcher3-mx/AndroidManifest.xml:148:13-49
	android:label
		ADDED from GitHub_MX/Launcher3-mx/AndroidManifest.xml:145:13-51
	android:icon
		ADDED from GitHub_MX/Launcher3-mx/AndroidManifest.xml:146:13-57
	android:theme
		ADDED from GitHub_MX/Launcher3-mx/AndroidManifest.xml:144:13-58
	android:name
		ADDED from GitHub_MX/Launcher3-mx/AndroidManifest.xml:143:13-70
intent-filter#android.intent.category.DEFAULT+android.service.wallpaper.CROP_AND_SET_WALLPAPER
ADDED from GitHub_MX/Launcher3-mx/AndroidManifest.xml:149:13-153:29
action#android.service.wallpaper.CROP_AND_SET_WALLPAPER
ADDED from GitHub_MX/Launcher3-mx/AndroidManifest.xml:150:17-91
	android:name
		ADDED from GitHub_MX/Launcher3-mx/AndroidManifest.xml:150:25-88
data
ADDED from GitHub_MX/Launcher3-mx/AndroidManifest.xml:152:17-52
	android:mimeType
		ADDED from GitHub_MX/Launcher3-mx/AndroidManifest.xml:152:23-49
activity#com.codemx.launcher3.SettingsActivity
ADDED from GitHub_MX/Launcher3-mx/AndroidManifest.xml:156:9-161:20
	android:process
		ADDED from GitHub_MX/Launcher3-mx/AndroidManifest.xml:160:13-48
	android:label
		ADDED from GitHub_MX/Launcher3-mx/AndroidManifest.xml:158:13-57
	android:autoRemoveFromRecents
		ADDED from GitHub_MX/Launcher3-mx/AndroidManifest.xml:159:13-49
	android:name
		ADDED from GitHub_MX/Launcher3-mx/AndroidManifest.xml:157:13-65
service#com.codemx.launcher3.MemoryTracker
ADDED from GitHub_MX/Launcher3-mx/AndroidManifest.xml:179:9-182:19
	android:enabled
		ADDED from GitHub_MX/Launcher3-mx/AndroidManifest.xml:180:13-57
	android:name
		ADDED from GitHub_MX/Launcher3-mx/AndroidManifest.xml:179:18-67
receiver#com.codemx.launcher3.WallpaperChangedReceiver
ADDED from GitHub_MX/Launcher3-mx/AndroidManifest.xml:184:9-189:20
	android:name
		ADDED from GitHub_MX/Launcher3-mx/AndroidManifest.xml:185:13-73
intent-filter#android.intent.action.WALLPAPER_CHANGED
ADDED from GitHub_MX/Launcher3-mx/AndroidManifest.xml:186:13-188:29
action#android.intent.action.WALLPAPER_CHANGED
ADDED from GitHub_MX/Launcher3-mx/AndroidManifest.xml:187:17-82
	android:name
		ADDED from GitHub_MX/Launcher3-mx/AndroidManifest.xml:187:25-79
receiver#com.codemx.launcher3.InstallShortcutReceiver
ADDED from GitHub_MX/Launcher3-mx/AndroidManifest.xml:192:9-198:20
	android:permission
		ADDED from GitHub_MX/Launcher3-mx/AndroidManifest.xml:194:13-82
	android:name
		ADDED from GitHub_MX/Launcher3-mx/AndroidManifest.xml:193:13-72
intent-filter#com.android.launcher.action.INSTALL_SHORTCUT
ADDED from GitHub_MX/Launcher3-mx/AndroidManifest.xml:195:13-197:29
action#com.android.launcher.action.INSTALL_SHORTCUT
ADDED from GitHub_MX/Launcher3-mx/AndroidManifest.xml:196:17-87
	android:name
		ADDED from GitHub_MX/Launcher3-mx/AndroidManifest.xml:196:25-84
receiver#com.codemx.launcher3.AppWidgetsRestoredReceiver
ADDED from GitHub_MX/Launcher3-mx/AndroidManifest.xml:201:9-205:20
	android:name
		ADDED from GitHub_MX/Launcher3-mx/AndroidManifest.xml:201:19-81
intent-filter#android.appwidget.action.APPWIDGET_HOST_RESTORED
ADDED from GitHub_MX/Launcher3-mx/AndroidManifest.xml:202:13-204:29
action#android.appwidget.action.APPWIDGET_HOST_RESTORED
ADDED from GitHub_MX/Launcher3-mx/AndroidManifest.xml:203:17-90
	android:name
		ADDED from GitHub_MX/Launcher3-mx/AndroidManifest.xml:203:25-88
receiver#com.codemx.launcher3.StartupReceiver
ADDED from GitHub_MX/Launcher3-mx/AndroidManifest.xml:207:9-211:20
	android:name
		ADDED from GitHub_MX/Launcher3-mx/AndroidManifest.xml:207:19-70
intent-filter#android.intent.action.BOOT_COMPLETED
ADDED from GitHub_MX/Launcher3-mx/AndroidManifest.xml:208:13-210:29
action#android.intent.action.BOOT_COMPLETED
ADDED from GitHub_MX/Launcher3-mx/AndroidManifest.xml:209:17-79
	android:name
		ADDED from GitHub_MX/Launcher3-mx/AndroidManifest.xml:209:25-76
provider#com.codemx.launcher3.LauncherProvider
ADDED from GitHub_MX/Launcher3-mx/AndroidManifest.xml:214:9-219:86
	android:readPermission
		ADDED from GitHub_MX/Launcher3-mx/AndroidManifest.xml:219:13-83
	android:authorities
		ADDED from GitHub_MX/Launcher3-mx/AndroidManifest.xml:216:13-64
	android:exported
		ADDED from GitHub_MX/Launcher3-mx/AndroidManifest.xml:217:13-36
	android:name
		ADDED from GitHub_MX/Launcher3-mx/AndroidManifest.xml:215:13-65
	android:writePermission
		ADDED from GitHub_MX/Launcher3-mx/AndroidManifest.xml:218:13-85
meta-data#android.nfc.disable_beam_default
ADDED from GitHub_MX/Launcher3-mx/AndroidManifest.xml:221:9-222:47
	android:value
		ADDED from GitHub_MX/Launcher3-mx/AndroidManifest.xml:222:24-44
	android:name
		ADDED from GitHub_MX/Launcher3-mx/AndroidManifest.xml:221:20-67
uses-permission#android.permission.ACCESS_NETWORK_STATE
ADDED from [Launcher3-mx:mxlibrary:unspecified] AndroidManifest.xml:11:5-79
	android:name
		ADDED from [Launcher3-mx:mxlibrary:unspecified] AndroidManifest.xml:11:22-76
uses-permission#android.permission.CHANGE_WIFI_STATE
ADDED from [Launcher3-mx:mxlibrary:unspecified] AndroidManifest.xml:12:5-76
	android:name
		ADDED from [Launcher3-mx:mxlibrary:unspecified] AndroidManifest.xml:12:22-73
uses-permission#android.permission.ACCESS_WIFI_STATE
ADDED from [Launcher3-mx:mxlibrary:unspecified] AndroidManifest.xml:13:5-76
	android:name
		ADDED from [Launcher3-mx:mxlibrary:unspecified] AndroidManifest.xml:13:22-73
uses-permission#android.permission.CHANGE_WIFI_MULTICAST_STATE
ADDED from [Launcher3-mx:mxlibrary:unspecified] AndroidManifest.xml:14:5-86
	android:name
		ADDED from [Launcher3-mx:mxlibrary:unspecified] AndroidManifest.xml:14:22-83
uses-permission#android.permission.INTERNET
ADDED from [Launcher3-mx:mxlibrary:unspecified] AndroidManifest.xml:15:5-67
	android:name
		ADDED from [Launcher3-mx:mxlibrary:unspecified] AndroidManifest.xml:15:22-64